HikariPool-1 - Thread starvation or clock leap detected (housekeeper delta=25m41s346ms).
HikariPool-1 - Thread starvation or clock leap detected (housekeeper delta=1h2m11s222ms).
HikariPool-1 - Thread starvation or clock leap detected (housekeeper delta=59m29s60ms).
HikariPool-1 - Thread starvation or clock leap detected (housekeeper delta=2h21s685ms).
HikariPool-1 - Thread starvation or clock leap detected (housekeeper delta=2h7s80ms).
HikariPool-1 - Thread starvation or clock leap detected (housekeeper delta=1h34m27s3ms).
HikariPool-1 - Thread starvation or clock leap detected (housekeeper delta=50s554ms).
HikariPool-1 - Thread starvation or clock leap detected (housekeeper delta=20m38s626ms).
HikariPool-1 - Thread starvation or clock leap detected (housekeeper delta=51s964ms).
HikariPool-1 - Thread starvation or clock leap detected (housekeeper delta=10m52s429ms).
HikariPool-1 - Thread starvation or clock leap detected (housekeeper delta=29m430ms).
HikariPool-1 - Thread starvation or clock leap detected (housekeeper delta=4m51s381ms).
HikariPool-1 - Thread starvation or clock leap detected (housekeeper delta=15m33s76ms).
HikariPool-1 - Thread starvation or clock leap detected (housekeeper delta=17m44s168ms).
HikariPool-1 - Thread starvation or clock leap detected (housekeeper delta=6m23s845ms).
HikariPool-1 - Thread starvation or clock leap detected (housekeeper delta=23m21s336ms).
HikariPool-1 - Thread starvation or clock leap detected (housekeeper delta=1h8m36s675ms).
HikariPool-1 - Thread starvation or clock leap detected (housekeeper delta=2m15s288ms).
HikariPool-1 - Thread starvation or clock leap detected (housekeeper delta=22m57s731ms).
HikariPool-1 - Thread starvation or clock leap detected (housekeeper delta=2m33s164ms).
HikariPool-1 - Thread starvation or clock leap detected (housekeeper delta=27m16s10ms).
HikariPool-1 - Thread starvation or clock leap detected (housekeeper delta=15m28s354ms).
HikariPool-1 - Thread starvation or clock leap detected (housekeeper delta=11m45s190ms).
HikariPool-1 - Thread starvation or clock leap detected (housekeeper delta=57s728ms).
HikariPool-1 - Thread starvation or clock leap detected (housekeeper delta=30m5s293ms).
HikariPool-1 - Thread starvation or clock leap detected (housekeeper delta=6m43s15ms).
