HikariPool-1 - Thread starvation or clock leap detected (housekeeper delta=1h3m28s601ms).
HikariPool-1 - Thread starvation or clock leap detected (housekeeper delta=2h21s657ms).
HikariPool-1 - Thread starvation or clock leap detected (housekeeper delta=2h21s654ms).
HikariPool-1 - Thread starvation or clock leap detected (housekeeper delta=1h24m51s313ms).
HikariPool-1 - Thread starvation or clock leap detected (housekeeper delta=1m19s759ms).
HikariPool-1 - Thread starvation or clock leap detected (housekeeper delta=28m39s320ms).
HikariPool-1 - Thread starvation or clock leap detected (housekeeper delta=22m40s158ms).
HikariPool-1 - Thread starvation or clock leap detected (housekeeper delta=49s433ms).
HikariPool-1 - Thread starvation or clock leap detected (housekeeper delta=29m7s556ms).
HikariPool-1 - Thread starvation or clock leap detected (housekeeper delta=5m21s489ms).
HikariPool-1 - Thread starvation or clock leap detected (housekeeper delta=30m25s999ms).
HikariPool-1 - Thread starvation or clock leap detected (housekeeper delta=17m28s652ms).
HikariPool-1 - Thread starvation or clock leap detected (housekeeper delta=15m34s796ms).
HikariPool-1 - Thread starvation or clock leap detected (housekeeper delta=39m40s480ms).
HikariPool-1 - Thread starvation or clock leap detected (housekeeper delta=6m39s913ms).
HikariPool-1 - Thread starvation or clock leap detected (housekeeper delta=8m14s969ms).
HikariPool-1 - Thread starvation or clock leap detected (housekeeper delta=4m37s518ms).
HikariPool-1 - Thread starvation or clock leap detected (housekeeper delta=29m517ms).
HikariPool-1 - Thread starvation or clock leap detected (housekeeper delta=16m2s552ms).
HikariPool-1 - Thread starvation or clock leap detected (housekeeper delta=58m54s481ms).
HikariPool-1 - Thread starvation or clock leap detected (housekeeper delta=5m14s144ms).
HikariPool-1 - Thread starvation or clock leap detected (housekeeper delta=24m44s992ms).
HikariPool-1 - Thread starvation or clock leap detected (housekeeper delta=33m45s655ms).
HikariPool-1 - Thread starvation or clock leap detected (housekeeper delta=54s63ms).
HikariPool-1 - Thread starvation or clock leap detected (housekeeper delta=52s258ms).
HikariPool-1 - Thread starvation or clock leap detected (housekeeper delta=1m18s11ms).
HikariPool-1 - Thread starvation or clock leap detected (housekeeper delta=21m38s405ms).
HikariPool-1 - Thread starvation or clock leap detected (housekeeper delta=17m37s498ms).
HikariPool-1 - Thread starvation or clock leap detected (housekeeper delta=27m5s435ms).
HikariPool-1 - Thread starvation or clock leap detected (housekeeper delta=1m50s137ms).
HikariPool-1 - Thread starvation or clock leap detected (housekeeper delta=30m26s114ms).
